Determining if the pthread_create exist failed with the following output:
Change Dir: /root/server/CMakeFiles/CMakeTmp

Run Build Command:"/usr/bin/make" "cmTC_de907/fast"
/usr/bin/make -f CMakeFiles/cmTC_de907.dir/build.make CMakeFiles/cmTC_de907.dir/build
make[1]: Entering directory `/root/server/CMakeFiles/CMakeTmp'
Building C object CMakeFiles/cmTC_de907.dir/CheckSymbolExists.c.o
/usr/bin/cc    -o CMakeFiles/cmTC_de907.dir/CheckSymbolExists.c.o   -c /root/server/CMakeFiles/CMakeTmp/CheckSymbolExists.c
Linking C executable cmTC_de907
/opt/cmake-3.13.0-Linux-x86_64/bin/cmake -E cmake_link_script CMakeFiles/cmTC_de907.dir/link.txt --verbose=1
/usr/bin/cc      -rdynamic CMakeFiles/cmTC_de907.dir/CheckSymbolExists.c.o  -o cmTC_de907 
CMakeFiles/cmTC_de907.dir/CheckSymbolExists.c.o: In function `main':
CheckSymbolExists.c:(.text+0x16): undefined reference to `pthread_create'
collect2: error: ld returned 1 exit status
make[1]: *** [cmTC_de907] Error 1
make[1]: Leaving directory `/root/server/CMakeFiles/CMakeTmp'
make: *** [cmTC_de907/fast] Error 2

File /root/server/CMakeFiles/CMakeTmp/CheckSymbolExists.c:
/* */
#include <pthread.h>

int main(int argc, char** argv)
{
  (void)argv;
#ifndef pthread_create
  return ((int*)(&pthread_create))[argc];
#else
  (void)argc;
  return 0;
#endif
}

Determining if the function pthread_create exists in the pthreads failed with the following output:
Change Dir: /root/server/CMakeFiles/CMakeTmp

Run Build Command:"/usr/bin/make" "cmTC_66fd1/fast"
/usr/bin/make -f CMakeFiles/cmTC_66fd1.dir/build.make CMakeFiles/cmTC_66fd1.dir/build
make[1]: Entering directory `/root/server/CMakeFiles/CMakeTmp'
Building C object CMakeFiles/cmTC_66fd1.dir/CheckFunctionExists.c.o
/usr/bin/cc   -DCHECK_FUNCTION_EXISTS=pthread_create   -o CMakeFiles/cmTC_66fd1.dir/CheckFunctionExists.c.o   -c /opt/cmake-3.13.0-Linux-x86_64/share/cmake-3.13/Modules/CheckFunctionExists.c
Linking C executable cmTC_66fd1
/opt/cmake-3.13.0-Linux-x86_64/bin/cmake -E cmake_link_script CMakeFiles/cmTC_66fd1.dir/link.txt --verbose=1
/usr/bin/cc  -DCHECK_FUNCTION_EXISTS=pthread_create    -rdynamic CMakeFiles/cmTC_66fd1.dir/CheckFunctionExists.c.o  -o cmTC_66fd1 -lpthreads 
/usr/bin/ld: cannot find -lpthreads
collect2: error: ld returned 1 exit status
make[1]: *** [cmTC_66fd1] Error 1
make[1]: Leaving directory `/root/server/CMakeFiles/CMakeTmp'
make: *** [cmTC_66fd1/fast] Error 2


