The system is: Linux - sh: 0: getcwd() failed: No such file or directory
4.4.0-93-generic - sh: 0: getcwd() failed: No such file or directory
x86_64
Determining if the C compiler works passed with the following output:
Change Dir: /root/server/build/CMakeFiles/CMakeTmp

Run Build Command:"/usr/bin/make" "cmTC_2f488/fast"
/usr/bin/make -f CMakeFiles/cmTC_2f488.dir/build.make CMakeFiles/cmTC_2f488.dir/build
make[1]: Entering directory `/root/server/build/CMakeFiles/CMakeTmp'
Building C object CMakeFiles/cmTC_2f488.dir/testCCompiler.c.o
/usr/bin/gcc    -o CMakeFiles/cmTC_2f488.dir/testCCompiler.c.o   -c /root/server/build/CMakeFiles/CMakeTmp/testCCompiler.c
Linking C executable cmTC_2f488
/opt/cmake-3.13.0-Linux-x86_64/bin/cmake -E cmake_link_script CMakeFiles/cmTC_2f488.dir/link.txt --verbose=1
/usr/bin/gcc      CMakeFiles/cmTC_2f488.dir/testCCompiler.c.o  -o cmTC_2f488 
make[1]: Leaving directory `/root/server/build/CMakeFiles/CMakeTmp'


Detecting C compiler ABI info compiled with the following output:
Change Dir: /root/server/build/CMakeFiles/CMakeTmp

Run Build Command:"/usr/bin/make" "cmTC_a6922/fast"
/usr/bin/make -f CMakeFiles/cmTC_a6922.dir/build.make CMakeFiles/cmTC_a6922.dir/build
make[1]: Entering directory `/root/server/build/CMakeFiles/CMakeTmp'
Building C object CMakeFiles/cmTC_a6922.dir/CMakeCCompilerABI.c.o
/usr/bin/gcc    -o CMakeFiles/cmTC_a6922.dir/CMakeCCompilerABI.c.o   -c /opt/cmake-3.13.0-Linux-x86_64/share/cmake-3.13/Modules/CMakeCCompilerABI.c
Linking C executable cmTC_a6922
/opt/cmake-3.13.0-Linux-x86_64/bin/cmake -E cmake_link_script CMakeFiles/cmTC_a6922.dir/link.txt --verbose=1
/usr/bin/gcc      CMakeFiles/cmTC_a6922.dir/CMakeCCompilerABI.c.o  -o cmTC_a6922 
make[1]: Leaving directory `/root/server/build/CMakeFiles/CMakeTmp'


Determining if the CXX compiler works passed with the following output:
Change Dir: /root/server/build/CMakeFiles/CMakeTmp

Run Build Command:"/usr/bin/make" "cmTC_e3b33/fast"
/usr/bin/make -f CMakeFiles/cmTC_e3b33.dir/build.make CMakeFiles/cmTC_e3b33.dir/build
make[1]: Entering directory `/root/server/build/CMakeFiles/CMakeTmp'
Building CXX object CMakeFiles/cmTC_e3b33.dir/testCXXCompiler.cxx.o
/usr/bin/g++     -o CMakeFiles/cmTC_e3b33.dir/testCXXCompiler.cxx.o -c /root/server/build/CMakeFiles/CMakeTmp/testCXXCompiler.cxx
Linking CXX executable cmTC_e3b33
/opt/cmake-3.13.0-Linux-x86_64/bin/cmake -E cmake_link_script CMakeFiles/cmTC_e3b33.dir/link.txt --verbose=1
/usr/bin/g++       CMakeFiles/cmTC_e3b33.dir/testCXXCompiler.cxx.o  -o cmTC_e3b33 
make[1]: Leaving directory `/root/server/build/CMakeFiles/CMakeTmp'


Detecting CXX compiler ABI info compiled with the following output:
Change Dir: /root/server/build/CMakeFiles/CMakeTmp

Run Build Command:"/usr/bin/make" "cmTC_9fc6b/fast"
/usr/bin/make -f CMakeFiles/cmTC_9fc6b.dir/build.make CMakeFiles/cmTC_9fc6b.dir/build
make[1]: Entering directory `/root/server/build/CMakeFiles/CMakeTmp'
Building CXX object CMakeFiles/cmTC_9fc6b.dir/CMakeCXXCompilerABI.cpp.o
/usr/bin/g++     -o CMakeFiles/cmTC_9fc6b.dir/CMakeCXXCompilerABI.cpp.o -c /opt/cmake-3.13.0-Linux-x86_64/share/cmake-3.13/Modules/CMakeCXXCompilerABI.cpp
Linking CXX executable cmTC_9fc6b
/opt/cmake-3.13.0-Linux-x86_64/bin/cmake -E cmake_link_script CMakeFiles/cmTC_9fc6b.dir/link.txt --verbose=1
/usr/bin/g++       CMakeFiles/cmTC_9fc6b.dir/CMakeCXXCompilerABI.cpp.o  -o cmTC_9fc6b 
make[1]: Leaving directory `/root/server/build/CMakeFiles/CMakeTmp'


Determining if the include file pthread.h exists passed with the following output:
Change Dir: /root/server/build/CMakeFiles/CMakeTmp

Run Build Command:"/usr/bin/make" "cmTC_35019/fast"
/usr/bin/make -f CMakeFiles/cmTC_35019.dir/build.make CMakeFiles/cmTC_35019.dir/build
make[1]: Entering directory `/root/server/build/CMakeFiles/CMakeTmp'
Building C object CMakeFiles/cmTC_35019.dir/CheckIncludeFile.c.o
/usr/bin/gcc    -o CMakeFiles/cmTC_35019.dir/CheckIncludeFile.c.o   -c /root/server/build/CMakeFiles/CMakeTmp/CheckIncludeFile.c
Linking C executable cmTC_35019
/opt/cmake-3.13.0-Linux-x86_64/bin/cmake -E cmake_link_script CMakeFiles/cmTC_35019.dir/link.txt --verbose=1
/usr/bin/gcc      CMakeFiles/cmTC_35019.dir/CheckIncludeFile.c.o  -o cmTC_35019 
make[1]: Leaving directory `/root/server/build/CMakeFiles/CMakeTmp'


Determining if the function pthread_create exists in the pthread passed with the following output:
Change Dir: /root/server/build/CMakeFiles/CMakeTmp

Run Build Command:"/usr/bin/make" "cmTC_94f14/fast"
/usr/bin/make -f CMakeFiles/cmTC_94f14.dir/build.make CMakeFiles/cmTC_94f14.dir/build
make[1]: Entering directory `/root/server/build/CMakeFiles/CMakeTmp'
Building C object CMakeFiles/cmTC_94f14.dir/CheckFunctionExists.c.o
/usr/bin/gcc   -DCHECK_FUNCTION_EXISTS=pthread_create   -o CMakeFiles/cmTC_94f14.dir/CheckFunctionExists.c.o   -c /opt/cmake-3.13.0-Linux-x86_64/share/cmake-3.13/Modules/CheckFunctionExists.c
Linking C executable cmTC_94f14
/opt/cmake-3.13.0-Linux-x86_64/bin/cmake -E cmake_link_script CMakeFiles/cmTC_94f14.dir/link.txt --verbose=1
/usr/bin/gcc  -DCHECK_FUNCTION_EXISTS=pthread_create    CMakeFiles/cmTC_94f14.dir/CheckFunctionExists.c.o  -o cmTC_94f14 -lpthread 
make[1]: Leaving directory `/root/server/build/CMakeFiles/CMakeTmp'


