Compiling the C compiler identification source file "CMakeCCompilerId.c" failed.
Compiler: /usr/bin/gcc 
Build flags: 
Id flags:  

The output was:
No such file or directory


Compiling the C compiler identification source file "CMakeCCompilerId.c" failed.
Compiler: /usr/bin/gcc 
Build flags: 
Id flags: -c 

The output was:
No such file or directory


Compiling the C compiler identification source file "CMakeCCompilerId.c" failed.
Compiler: /usr/bin/gcc 
Build flags: 
Id flags: -Aa 

The output was:
No such file or directory


Compiling the C compiler identification source file "CMakeCCompilerId.c" failed.
Compiler: /usr/bin/gcc 
Build flags: 
Id flags: -D__CLASSIC_C__ 

The output was:
No such file or directory


Compiling the C compiler identification source file "CMakeCCompilerId.c" failed.
Compiler: /usr/bin/gcc 
Build flags: 
Id flags:  

The output was:
No such file or directory


Compiling the C compiler identification source file "CMakeCCompilerId.c" failed.
Compiler: /usr/bin/gcc 
Build flags: 
Id flags: -c 

The output was:
No such file or directory


Compiling the C compiler identification source file "CMakeCCompilerId.c" failed.
Compiler: /usr/bin/gcc 
Build flags: 
Id flags: -Aa 

The output was:
No such file or directory


Compiling the C compiler identification source file "CMakeCCompilerId.c" failed.
Compiler: /usr/bin/gcc 
Build flags: 
Id flags: -D__CLASSIC_C__ 

The output was:
No such file or directory


Checking whether the C compiler is IAR using "" did not match "IAR .+ Compiler":
Checking whether the C compiler is IAR using "" did not match "IAR .+ Compiler":
Compiling the CXX compiler identification source file "CMakeCXXCompilerId.cpp" failed.
Compiler: /usr/bin/g++ 
Build flags: 
Id flags:  

The output was:
No such file or directory


Compiling the CXX compiler identification source file "CMakeCXXCompilerId.cpp" failed.
Compiler: /usr/bin/g++ 
Build flags: 
Id flags: -c 

The output was:
No such file or directory


Compiling the CXX compiler identification source file "CMakeCXXCompilerId.cpp" failed.
Compiler: /usr/bin/g++ 
Build flags: 
Id flags: --c++ 

The output was:
No such file or directory


Compiling the CXX compiler identification source file "CMakeCXXCompilerId.cpp" failed.
Compiler: /usr/bin/g++ 
Build flags: 
Id flags: --ec++ 

The output was:
No such file or directory


Compiling the CXX compiler identification source file "CMakeCXXCompilerId.cpp" failed.
Compiler: /usr/bin/g++ 
Build flags: 
Id flags:  

The output was:
No such file or directory


Compiling the CXX compiler identification source file "CMakeCXXCompilerId.cpp" failed.
Compiler: /usr/bin/g++ 
Build flags: 
Id flags: -c 

The output was:
No such file or directory


Compiling the CXX compiler identification source file "CMakeCXXCompilerId.cpp" failed.
Compiler: /usr/bin/g++ 
Build flags: 
Id flags: --c++ 

The output was:
No such file or directory


Compiling the CXX compiler identification source file "CMakeCXXCompilerId.cpp" failed.
Compiler: /usr/bin/g++ 
Build flags: 
Id flags: --ec++ 

The output was:
No such file or directory


Checking whether the CXX compiler is IAR using "" did not match "IAR .+ Compiler":
Checking whether the CXX compiler is IAR using "" did not match "IAR .+ Compiler":
Determining if the pthread_create exist failed with the following output:
Change Dir: /root/server/build/CMakeFiles/CMakeTmp

Run Build Command:"/usr/bin/make" "cmTC_174bb/fast"
/usr/bin/make -f CMakeFiles/cmTC_174bb.dir/build.make CMakeFiles/cmTC_174bb.dir/build
make[1]: Entering directory `/root/server/build/CMakeFiles/CMakeTmp'
Building C object CMakeFiles/cmTC_174bb.dir/CheckSymbolExists.c.o
/usr/bin/gcc    -o CMakeFiles/cmTC_174bb.dir/CheckSymbolExists.c.o   -c /root/server/build/CMakeFiles/CMakeTmp/CheckSymbolExists.c
Linking C executable cmTC_174bb
/opt/cmake-3.13.0-Linux-x86_64/bin/cmake -E cmake_link_script CMakeFiles/cmTC_174bb.dir/link.txt --verbose=1
/usr/bin/gcc      CMakeFiles/cmTC_174bb.dir/CheckSymbolExists.c.o  -o cmTC_174bb 
CMakeFiles/cmTC_174bb.dir/CheckSymbolExists.c.o: In function `main':
CheckSymbolExists.c:(.text+0x16): undefined reference to `pthread_create'
collect2: error: ld returned 1 exit status
make[1]: *** [cmTC_174bb] Error 1
make[1]: Leaving directory `/root/server/build/CMakeFiles/CMakeTmp'
make: *** [cmTC_174bb/fast] Error 2

File /root/server/build/CMakeFiles/CMakeTmp/CheckSymbolExists.c:
/* */
#include <pthread.h>

int main(int argc, char** argv)
{
  (void)argv;
#ifndef pthread_create
  return ((int*)(&pthread_create))[argc];
#else
  (void)argc;
  return 0;
#endif
}

Determining if the function pthread_create exists in the pthreads failed with the following output:
Change Dir: /root/server/build/CMakeFiles/CMakeTmp

Run Build Command:"/usr/bin/make" "cmTC_a713a/fast"
/usr/bin/make -f CMakeFiles/cmTC_a713a.dir/build.make CMakeFiles/cmTC_a713a.dir/build
make[1]: Entering directory `/root/server/build/CMakeFiles/CMakeTmp'
Building C object CMakeFiles/cmTC_a713a.dir/CheckFunctionExists.c.o
/usr/bin/gcc   -DCHECK_FUNCTION_EXISTS=pthread_create   -o CMakeFiles/cmTC_a713a.dir/CheckFunctionExists.c.o   -c /opt/cmake-3.13.0-Linux-x86_64/share/cmake-3.13/Modules/CheckFunctionExists.c
Linking C executable cmTC_a713a
/opt/cmake-3.13.0-Linux-x86_64/bin/cmake -E cmake_link_script CMakeFiles/cmTC_a713a.dir/link.txt --verbose=1
/usr/bin/gcc  -DCHECK_FUNCTION_EXISTS=pthread_create    CMakeFiles/cmTC_a713a.dir/CheckFunctionExists.c.o  -o cmTC_a713a -lpthreads 
/usr/bin/ld: cannot find -lpthreads
collect2: error: ld returned 1 exit status
make[1]: *** [cmTC_a713a] Error 1
make[1]: Leaving directory `/root/server/build/CMakeFiles/CMakeTmp'
make: *** [cmTC_a713a/fast] Error 2


